  VectorMathematicsTests.cpp
VectorMathematicsTests.obj : error LNK2001: unresolved external symbol Clamp
VectorMathematicsTests.obj : error LNK2001: unresolved external symbol VectorClampMagnitude2D
VectorMathematicsTests.obj : error LNK2001: unresolved external symbol VectorClamp
VectorMathematicsTests.obj : error LNK2001: unresolved external symbol VectorCross2D
VectorMathematicsTests.obj : error LNK2001: unresolved external symbol VectorClampMagnitude
VectorMathematicsTests.obj : error LNK2001: unresolved external symbol VectorClamp2D
S:\Documents\Forsberg\Projects\VectorMath\vectormath-cpp-FunYun\x64\Release\VectorMathematicsTests.exe : fatal error LNK1120: 6 unresolved externals
